<?xml version="1.0" encoding="UTF-8"?>
<testng-results skipped="0" failed="0" ignored="0" total="1" passed="1">
  <reporter-output>
  </reporter-output>
  <suite name="CrossBrowserTestSuite" duration-ms="43583" started-at="2021-03-17T20:48:19Z" finished-at="2021-03-17T20:49:03Z">
    <groups>
    </groups>
    <test name="TC_LoginDataTest" duration-ms="43583" started-at="2021-03-17T20:48:19Z" finished-at="2021-03-17T20:49:03Z">
      <class name="com.nopCommerceV3.testCases.AddNewCustomer">
        <test-method status="PASS" signature="setup(java.lang.String)[pri:0, instance:com.nopCommerceV3.testCases.AddNewCustomer@568bf312]" name="setup" is-config="true" duration-ms="5672" started-at="2021-03-17T20:48:19Z" finished-at="2021-03-17T20:48:25Z">
          <params>
            <param index="0">
              <value>
                <![CDATA[Chrome]]>
              </value>
            </param>
          </params>
          <reporter-output>
          </reporter-output>
        </test-method> <!-- setup -->
        <test-method status="PASS" signature="AddnewCust()[pri:0, instance:com.nopCommerceV3.testCases.AddNewCustomer@568bf312]" name="AddnewCust" duration-ms="37105" started-at="2021-03-17T20:48:25Z" finished-at="2021-03-17T20:49:02Z">
          <reporter-output>
          </reporter-output>
        </test-method> <!-- AddnewCust -->
        <test-method status="PASS" signature="tearDown()[pri:0, instance:com.nopCommerceV3.testCases.AddNewCustomer@568bf312]" name="tearDown" is-config="true" duration-ms="640" started-at="2021-03-17T20:49:02Z" finished-at="2021-03-17T20:49:03Z">
          <reporter-output>
          </reporter-output>
        </test-method> <!-- tearDown -->
      </class> <!-- com.nopCommerceV3.testCases.AddNewCustomer -->
    </test> <!-- TC_LoginDataTest -->
  </suite> <!-- CrossBrowserTestSuite -->
</testng-results>
