<?xml version="1.0" encoding="UTF-8"?>
<testng-results ignored="0" total="1" passed="1" failed="0" skipped="0">
  <reporter-output>
  </reporter-output>
  <suite started-at="2021-03-15T00:29:56 IST" name="CrossBrowserTestSuite" finished-at="2021-03-15T00:30:35 IST" duration-ms="38843">
    <groups>
    </groups>
    <test started-at="2021-03-15T00:29:56 IST" name="TC_LoginDataTest" finished-at="2021-03-15T00:30:35 IST" duration-ms="38843">
      <class name="com.nopCommerceV3.testCases.AddNewCustomer">
        <test-method is-config="true" signature="setup(java.lang.String)[pri:0, instance:com.nopCommerceV3.testCases.AddNewCustomer@6356695f]" started-at="2021-03-15T00:29:57 IST" name="setup" finished-at="2021-03-15T00:30:04 IST" duration-ms="7533" status="PASS">
          <params>
            <param index="0">
              <value>
                <![CDATA[Chrome]]>
              </value>
            </param>
          </params>
          <reporter-output>
          </reporter-output>
        </test-method> <!-- setup -->
        <test-method signature="AddnewCust()[pri:0, instance:com.nopCommerceV3.testCases.AddNewCustomer@6356695f]" started-at="2021-03-15T00:30:04 IST" name="AddnewCust" finished-at="2021-03-15T00:30:34 IST" duration-ms="29749" status="PASS">
          <reporter-output>
          </reporter-output>
        </test-method> <!-- AddnewCust -->
        <test-method is-config="true" signature="tearDown()[pri:0, instance:com.nopCommerceV3.testCases.AddNewCustomer@6356695f]" started-at="2021-03-15T00:30:34 IST" name="tearDown" finished-at="2021-03-15T00:30:35 IST" duration-ms="1005" status="PASS">
          <reporter-output>
          </reporter-output>
        </test-method> <!-- tearDown -->
      </class> <!-- com.nopCommerceV3.testCases.AddNewCustomer -->
    </test> <!-- TC_LoginDataTest -->
  </suite> <!-- CrossBrowserTestSuite -->
</testng-results>
